<?xml version="1.0" encoding="UTF-8"?>
<!-- Generated by org.testng.reporters.JUnitReportReporter -->
<testsuite hostname="IXEDLAP00809" failures="0" tests="1" name="SeleniumCodes.SeleniumPractiseCodes.locators.advanceLocators.Locator_Using_containsAndAttribute" time="6.069" errors="0" timestamp="2024-04-02T19:59:01 IST" skipped="0">
  <testcase classname="SeleniumCodes.SeleniumPractiseCodes.locators.advanceLocators.Locator_Using_containsAndAttribute" name="xpathUsingAttributeAndContains" time="6.069"/>
  <system-out/>
</testsuite> <!-- SeleniumCodes.SeleniumPractiseCodes.locators.advanceLocators.Locator_Using_containsAndAttribute -->
