<?xml version="1.0" encoding="UTF-8"?>
<!-- Generated by org.testng.reporters.JUnitReportReporter -->
<testsuite hostname="IXEDLAP00809" failures="0" tests="1" name="SeleniumCodes.SeleniumPractiseCodes.dropdowns.SelectByValue" time="12.806" errors="0" timestamp="2024-03-24T17:35:15 IST" skipped="0">
  <testcase classname="SeleniumCodes.SeleniumPractiseCodes.dropdowns.SelectByValue" name="selectByValue" time="12.806"/>
  <system-out/>
</testsuite> <!-- SeleniumCodes.SeleniumPractiseCodes.dropdowns.SelectByValue -->
