<?xml version="1.0" encoding="UTF-8"?>
<!-- Generated by org.testng.reporters.JUnitReportReporter -->
<testsuite hostname="IXEDLAP00809" failures="0" tests="1" name="SeleniumCodes.SeleniumPractiseCodes.actionClass.DragAndDrop" time="8.150" errors="0" timestamp="2024-03-25T12:47:38 IST" skipped="0">
  <testcase classname="SeleniumCodes.SeleniumPractiseCodes.actionClass.DragAndDrop" name="dragAndDrop" time="8.150"/>
  <system-out/>
</testsuite> <!-- SeleniumCodes.SeleniumPractiseCodes.actionClass.DragAndDrop -->
