<?xml version="1.0" encoding="UTF-8"?>
<!-- Generated by org.testng.reporters.JUnitReportReporter -->
<testsuite hostname="IXEDLAP00809" failures="0" tests="1" name="SeleniumCodes.SeleniumPractiseCodes.assertions.SoftAssertExample" time="6.100" errors="0" timestamp="2024-03-26T09:36:18 IST" skipped="0">
  <testcase classname="SeleniumCodes.SeleniumPractiseCodes.assertions.SoftAssertExample" name="softAssert" time="6.100"/>
  <system-out/>
</testsuite> <!-- SeleniumCodes.SeleniumPractiseCodes.assertions.SoftAssertExample -->
