<?xml version="1.0" encoding="UTF-8"?>
<!-- Generated by org.testng.reporters.JUnitReportReporter -->
<testsuite hostname="IXEDLAP00809" failures="0" tests="1" name="SeleniumCodes.SeleniumPractiseCodes.inputs.GetAttributeValueFromInputBox" time="3.672" errors="0" timestamp="2024-03-24T07:58:26 IST" skipped="0">
  <testcase classname="SeleniumCodes.SeleniumPractiseCodes.inputs.GetAttributeValueFromInputBox" name="retriveAttributeValue" time="3.672"/>
  <system-out/>
</testsuite> <!-- SeleniumCodes.SeleniumPractiseCodes.inputs.GetAttributeValueFromInputBox -->
