<?xml version="1.0" encoding="UTF-8"?>
<!-- Generated by org.testng.reporters.JUnitReportReporter -->
<testsuite hostname="IXEDLAP00809" failures="0" tests="1" name="SeleniumCodes.SeleniumPractiseCodes.locators.advanceLocators.Locator_Using_startswith" time="3.444" errors="0" timestamp="2024-04-02T20:03:25 IST" skipped="0">
  <testcase classname="SeleniumCodes.SeleniumPractiseCodes.locators.advanceLocators.Locator_Using_startswith" name="xpathUsingStartsWithFunction" time="3.444"/>
  <system-out/>
</testsuite> <!-- SeleniumCodes.SeleniumPractiseCodes.locators.advanceLocators.Locator_Using_startswith -->
