<?xml version="1.0" encoding="UTF-8"?>
<!-- Generated by org.testng.reporters.JUnitReportReporter -->
<testsuite hostname="IXEDLAP00809" failures="0" tests="1" name="SeleniumCodes.SeleniumPractiseCodes.locators.advanceLocators.xPathUsingAxes.XpathUsingFollowingSibling" time="10.885" errors="0" timestamp="2024-04-02T21:17:23 IST" skipped="0">
  <testcase classname="SeleniumCodes.SeleniumPractiseCodes.locators.advanceLocators.xPathUsingAxes.XpathUsingFollowingSibling" name="xpathUsingFollowingSibling" time="10.885"/>
  <system-out/>
</testsuite> <!-- SeleniumCodes.SeleniumPractiseCodes.locators.advanceLocators.xPathUsingAxes.XpathUsingFollowingSibling -->
