<?xml version="1.0" encoding="UTF-8"?>
<!-- Generated by org.testng.reporters.JUnitReportReporter -->
<testsuite hostname="IXEDLAP00809" failures="0" tests="1" name="SeleniumCodes.SeleniumPractiseCodes.dropdowns.SelectByIndex" time="12.512" errors="0" timestamp="2024-03-24T15:59:18 IST" skipped="0">
  <testcase classname="SeleniumCodes.SeleniumPractiseCodes.dropdowns.SelectByIndex" name="dropdownValueSelectByIndex" time="12.512"/>
  <system-out/>
</testsuite> <!-- SeleniumCodes.SeleniumPractiseCodes.dropdowns.SelectByIndex -->
