<?xml version="1.0" encoding="UTF-8"?>
<!-- Generated by org.testng.reporters.JUnitReportReporter -->
<testsuite hostname="IXEDLAP00809" failures="0" tests="1" name="SeleniumCodes.SeleniumPractiseCodes.inputs.CopyPasteInput" time="4.881" errors="0" timestamp="2024-03-23T16:50:29 IST" skipped="0">
  <testcase classname="SeleniumCodes.SeleniumPractiseCodes.inputs.CopyPasteInput" name="copypasteinput" time="4.881"/>
  <system-out/>
</testsuite> <!-- SeleniumCodes.SeleniumPractiseCodes.inputs.CopyPasteInput -->
