<?xml version="1.0" encoding="UTF-8"?>
<!-- Generated by org.testng.reporters.JUnitReportReporter -->
<testsuite hostname="IXEDLAP00809" failures="0" tests="1" name="SeleniumCodes.SeleniumPractiseCodes.actionClass.RightClick" time="11.436" errors="0" timestamp="2024-03-25T14:34:08 IST" skipped="0">
  <testcase classname="SeleniumCodes.SeleniumPractiseCodes.actionClass.RightClick" name="rightClick" time="11.436"/>
  <system-out/>
</testsuite> <!-- SeleniumCodes.SeleniumPractiseCodes.actionClass.RightClick -->
