<?xml version="1.0" encoding="UTF-8"?>
<!-- Generated by org.testng.reporters.JUnitReportReporter -->
<testsuite hostname="IXEDLAP00809" failures="0" tests="1" name="SeleniumCodes.SeleniumPractiseCodes.dropdowns.PrintAllTheOptionsPresentInDropdown" time="8.295" errors="0" timestamp="2024-03-25T11:02:12 IST" skipped="0">
  <testcase classname="SeleniumCodes.SeleniumPractiseCodes.dropdowns.PrintAllTheOptionsPresentInDropdown" name="printAllTheOptionsPresentInDropdown" time="8.295"/>
  <system-out/>
</testsuite> <!-- SeleniumCodes.SeleniumPractiseCodes.dropdowns.PrintAllTheOptionsPresentInDropdown -->
