<?xml version="1.0" encoding="UTF-8"?>
<!-- Generated by org.testng.reporters.JUnitReportReporter -->
<testsuite hostname="IXEDLAP00809" failures="0" tests="1" name="SeleniumCodes.SeleniumPractiseCodes.alerts.DismissTheAlertPrintTheAlertText" time="11.368" errors="0" timestamp="2024-03-28T06:06:59 IST" skipped="0">
  <testcase classname="SeleniumCodes.SeleniumPractiseCodes.alerts.DismissTheAlertPrintTheAlertText" name="dismissTheAlertAndPrintTheAlertText" time="11.368"/>
  <system-out/>
</testsuite> <!-- SeleniumCodes.SeleniumPractiseCodes.alerts.DismissTheAlertPrintTheAlertText -->
