<?xml version="1.0" encoding="UTF-8"?>
<!-- Generated by org.testng.reporters.JUnitReportReporter -->
<testsuite hostname="IXEDLAP00809" failures="0" tests="1" name="SeleniumCodes.SeleniumPractiseCodes.findTitleandURL.GetTitle" time="7.507" errors="0" timestamp="2024-03-27T12:55:06 IST" skipped="0">
  <testcase classname="SeleniumCodes.SeleniumPractiseCodes.findTitleandURL.GetTitle" name="getTitle" time="7.507"/>
  <system-out/>
</testsuite> <!-- SeleniumCodes.SeleniumPractiseCodes.findTitleandURL.GetTitle -->
