<?xml version="1.0" encoding="UTF-8"?>
<!-- Generated by org.testng.reporters.JUnitReportReporter -->
<testsuite hostname="IXEDLAP00809" failures="0" tests="1" name="SeleniumCodes.SeleniumPractiseCodes.launchBrowser.LaunchBrowser" time="13.421" errors="0" timestamp="2024-03-27T11:04:56 IST" skipped="0">
  <testcase classname="SeleniumCodes.SeleniumPractiseCodes.launchBrowser.LaunchBrowser" name="partialLinkTextLocator" time="13.421"/>
  <system-out/>
</testsuite> <!-- SeleniumCodes.SeleniumPractiseCodes.launchBrowser.LaunchBrowser -->
