<?xml version="1.0" encoding="UTF-8"?>
<!-- Generated by org.testng.reporters.JUnitReportReporter -->
<testsuite hostname="IXEDLAP00809" failures="0" tests="1" name="SeleniumCodes.SeleniumPractiseCodes.inputs.InputUsingSendKey" time="5.633" errors="0" timestamp="2024-03-23T16:22:18 IST" skipped="0">
  <testcase classname="SeleniumCodes.SeleniumPractiseCodes.inputs.InputUsingSendKey" name="sendkey" time="5.633"/>
  <system-out/>
</testsuite> <!-- SeleniumCodes.SeleniumPractiseCodes.inputs.InputUsingSendKey -->
