<?xml version="1.0" encoding="UTF-8"?>
<!-- Generated by org.testng.reporters.JUnitReportReporter -->
<testsuite hostname="IXEDLAP00809" failures="0" tests="1" name="SeleniumCodes.SeleniumPractiseCodes.locators.basicLocators.CSS_Selector" time="9.515" errors="0" timestamp="2024-03-27T08:00:49 IST" skipped="0">
  <testcase classname="SeleniumCodes.SeleniumPractiseCodes.locators.basicLocators.CSS_Selector" name="cssLocator" time="9.515"/>
  <system-out/>
</testsuite> <!-- SeleniumCodes.SeleniumPractiseCodes.locators.basicLocators.CSS_Selector -->
