<?xml version="1.0" encoding="UTF-8"?>
<!-- Generated by org.testng.reporters.JUnitReportReporter -->
<testsuite hostname="IXEDLAP00809" failures="0" tests="1" name="SeleniumCodes.SeleniumPractiseCodes.alerts.AcceptTheAlert" time="14.346" errors="0" timestamp="2024-03-28T06:01:05 IST" skipped="0">
  <testcase classname="SeleniumCodes.SeleniumPractiseCodes.alerts.AcceptTheAlert" name="acceptTheAlert" time="14.346"/>
  <system-out/>
</testsuite> <!-- SeleniumCodes.SeleniumPractiseCodes.alerts.AcceptTheAlert -->
