<?xml version="1.0" encoding="UTF-8"?>
<!-- Generated by org.testng.reporters.JUnitReportReporter -->
<testsuite hostname="IXEDLAP00809" failures="0" tests="1" name="SeleniumCodes.SeleniumPractiseCodes.alerts.TypeYourNameAndAccept" time="11.892" errors="0" timestamp="2024-03-28T06:14:00 IST" skipped="0">
  <testcase classname="SeleniumCodes.SeleniumPractiseCodes.alerts.TypeYourNameAndAccept" name="typeYourNameAndAccept" time="11.892"/>
  <system-out/>
</testsuite> <!-- SeleniumCodes.SeleniumPractiseCodes.alerts.TypeYourNameAndAccept -->
