<?xml version="1.0" encoding="UTF-8"?>
<!-- Generated by org.testng.reporters.JUnitReportReporter -->
<testsuite hostname="IXEDLAP00809" failures="0" tests="1" name="SeleniumCodes.SeleniumPractiseCodes.frames.FramesHandling" time="12.516" errors="0" timestamp="2024-03-28T08:57:00 IST" skipped="0">
  <testcase classname="SeleniumCodes.SeleniumPractiseCodes.frames.FramesHandling" name="frames" time="12.516"/>
  <system-out/>
</testsuite> <!-- SeleniumCodes.SeleniumPractiseCodes.frames.FramesHandling -->
