<?xml version="1.0" encoding="UTF-8"?>
<!-- Generated by org.testng.reporters.JUnitReportReporter -->
<testsuite hostname="IXEDLAP00809" failures="0" tests="1" name="SeleniumCodes.SeleniumPractiseCodes.findTitleandURL.GetCurrentURL" time="5.811" errors="0" timestamp="2024-03-27T13:12:00 IST" skipped="0">
  <testcase classname="SeleniumCodes.SeleniumPractiseCodes.findTitleandURL.GetCurrentURL" name="getCurrentURL" time="5.811"/>
  <system-out/>
</testsuite> <!-- SeleniumCodes.SeleniumPractiseCodes.findTitleandURL.GetCurrentURL -->
