<?xml version="1.0" encoding="UTF-8"?>
<!-- Generated by org.testng.reporters.JUnitReportReporter -->
<testsuite hostname="IXEDLAP00809" failures="0" tests="1" name="SeleniumCodes.SeleniumPractiseCodes.actionClass.MoveToElement" time="5.331" errors="0" timestamp="2024-03-25T19:08:27 IST" skipped="0">
  <testcase classname="SeleniumCodes.SeleniumPractiseCodes.actionClass.MoveToElement" name="moveToElement" time="5.331"/>
  <system-out/>
</testsuite> <!-- SeleniumCodes.SeleniumPractiseCodes.actionClass.MoveToElement -->
