<?xml version="1.0" encoding="UTF-8"?>
<!-- Generated by org.testng.reporters.JUnitReportReporter -->
<testsuite hostname="IXEDLAP00809" failures="0" tests="1" name="SeleniumCodes.SeleniumPractiseCodes.locators.basicLocators.ID_Locator" time="4.256" errors="0" timestamp="2024-03-27T07:07:07 IST" skipped="0">
  <testcase classname="SeleniumCodes.SeleniumPractiseCodes.locators.basicLocators.ID_Locator" name="idLocator" time="4.256"/>
  <system-out/>
</testsuite> <!-- SeleniumCodes.SeleniumPractiseCodes.locators.basicLocators.ID_Locator -->
