<?xml version="1.0" encoding="UTF-8"?>
<!-- Generated by org.testng.reporters.JUnitReportReporter -->
<testsuite hostname="IXEDLAP00809" failures="0" tests="1" name="SeleniumCodes.SeleniumPractiseCodes.inputs.ClearInput" time="8.604" errors="0" timestamp="2024-03-24T05:49:38 IST" skipped="0">
  <testcase classname="SeleniumCodes.SeleniumPractiseCodes.inputs.ClearInput" name="clearInput" time="8.604"/>
  <system-out/>
</testsuite> <!-- SeleniumCodes.SeleniumPractiseCodes.inputs.ClearInput -->
