<?xml version="1.0" encoding="UTF-8"?>
<!-- Generated by org.testng.reporters.JUnitReportReporter -->
<testsuite hostname="IXEDLAP00809" failures="0" tests="1" name="SeleniumCodes.SeleniumPractiseCodes.locators.advanceLocators.xPathUsingAxes.XpathUsingFollowing" time="9.916" errors="0" timestamp="2024-04-02T20:52:13 IST" skipped="0">
  <testcase classname="SeleniumCodes.SeleniumPractiseCodes.locators.advanceLocators.xPathUsingAxes.XpathUsingFollowing" name="xpathUsingFollowing" time="9.916"/>
  <system-out/>
</testsuite> <!-- SeleniumCodes.SeleniumPractiseCodes.locators.advanceLocators.xPathUsingAxes.XpathUsingFollowing -->
