<?xml version="1.0" encoding="UTF-8"?>
<!-- Generated by org.testng.reporters.JUnitReportReporter -->
<testsuite hostname="DESKTOP-1UM3A2O" failures="0" tests="1" name="SeleniumCodes.SeleniumPractiseCodes.webTable.WebTable" time="36.795" errors="0" timestamp="2024-07-29T22:12:39 IST" skipped="0">
  <testcase classname="SeleniumCodes.SeleniumPractiseCodes.webTable.WebTable" name="webtableHandling" time="36.795"/>
  <system-out/>
</testsuite> <!-- SeleniumCodes.SeleniumPractiseCodes.webTable.WebTable -->
