<?xml version="1.0" encoding="UTF-8"?>
<!-- Generated by org.testng.reporters.JUnitReportReporter -->
<testsuite hostname="IXEDLAP00809" failures="0" tests="1" name="SeleniumCodes.SeleniumPractiseCodes.dropdowns.SelectByVisibleText" time="9.241" errors="0" timestamp="2024-03-24T19:05:17 IST" skipped="0">
  <testcase classname="SeleniumCodes.SeleniumPractiseCodes.dropdowns.SelectByVisibleText" name="selectByVisibleText" time="9.241"/>
  <system-out/>
</testsuite> <!-- SeleniumCodes.SeleniumPractiseCodes.dropdowns.SelectByVisibleText -->
