<?xml version="1.0" encoding="UTF-8"?>
<!-- Generated by org.testng.reporters.JUnitReportReporter -->
<testsuite hostname="IXEDLAP00809" failures="0" tests="1" name="SeleniumCodes.SeleniumPractiseCodes.launchBrowser.LaunchURL" time="17.018" errors="0" timestamp="2024-03-27T11:09:06 IST" skipped="0">
  <testcase classname="SeleniumCodes.SeleniumPractiseCodes.launchBrowser.LaunchURL" name="launchURL" time="17.018"/>
  <system-out/>
</testsuite> <!-- SeleniumCodes.SeleniumPractiseCodes.launchBrowser.LaunchURL -->
